#"Step","Potential Energy (kJ/mole)","Kinetic Energy (kJ/mole)","Total Energy (kJ/mole)","Temperature (K)","Box Volume (nm^3)","Speed (ns/day)"
2000,-180318.04838986578,24840.74049899378,-155477.307890872,249.65745970576666,118.41401565994616,0
4000,-173056.23896321887,28387.11646602617,-144669.1224971927,285.2996828160944,115.96043802332134,135
6000,-170545.73404972034,29514.510561913252,-141031.2234878071,296.6303573617203,115.99542735843004,135
8000,-170172.15995186812,29027.195118859876,-141144.96483300824,291.73267987126775,116.68671579798693,135
10000,-169561.75754921127,29803.65622943663,-139758.10131977464,299.536364646074,117.32205318694464,133
12000,-170279.32395267836,30064.341428998858,-140214.9825236795,302.15633504141033,115.72504745475129,134
14000,-169659.76262480672,29859.735561727895,-139800.02706307883,300.0999800359775,116.9424426379442,134
16000,-169966.65176660195,30009.78375905403,-139956.86800754792,301.608012849226,116.51171559583663,134
18000,-169250.0609315954,29483.979860526277,-139766.08107106911,296.32351395857717,116.19108563250863,134
20000,-169433.12998130126,29361.675610386766,-140071.4543709145,295.09431676929506,117.27281723849792,133
22000,-169957.94651765458,29509.38837816316,-140448.55813949142,296.57887776177654,117.26288541663,134
24000,-169885.28901961085,29967.641415089136,-139917.6476045217,301.1844686903572,116.51083144202157,134
26000,-170117.5119737686,29630.88363411557,-140486.62833965302,297.79994429836427,115.87791310175064,134
28000,-169982.03132731456,29702.96654016222,-140279.06478715234,298.52440076988313,116.47123817867283,134
30000,-169769.5493724274,29948.522208487964,-139821.02716393943,300.9923144930284,116.41424675874369,133
32000,-169413.85773151228,29579.395649831946,-139834.46208168034,297.2824734378583,116.5186393153229,133
34000,-169915.7255228837,29643.90700916527,-140271.81851371843,297.9308334210873,116.6209703166127,133
36000,-169912.1107541197,29722.46352315473,-140189.64723096497,298.72035174187744,116.32726185958172,133
38000,-169530.39695982914,29872.528123757103,-139657.86883607204,300.2285494133465,115.94981441839582,133
40000,-170024.75550884428,29964.3428002304,-140060.41270861388,301.1513165463536,117.28028694934184,133
42000,-169494.34436088928,30035.71081273374,-139458.63354815554,301.86858810702046,116.61734449494091,133
44000,-169385.5003835149,29366.098177800304,-140019.4022057146,295.1387649992456,116.5052142343739,133
46000,-169179.8578864655,29838.10748703219,-139341.7503994333,299.88261090452687,116.77247121393725,133
48000,-169576.3994548159,29876.913319393876,-139699.48613542202,300.27262204487835,116.62186148770895,133
50000,-169855.77011538285,30280.51961824228,-139575.25049714057,304.32899561779254,115.64620885986396,132
52000,-169570.89939978998,29569.278104211786,-140001.6212955782,297.1807888387986,116.1328917065912,132
54000,-170559.77275248105,29738.671953942627,-140821.10079853842,298.8832517027899,116.31681388532586,132
56000,-170046.0840562929,28938.873928915185,-141107.2101273777,290.84502340544395,116.11445029292344,132
58000,-170232.0024390011,29258.37665007077,-140973.62578893034,294.05612887695816,115.98000617365057,132
60000,-169850.0451856834,29325.189029127738,-140524.85615655567,294.72761485109555,116.5246226102358,132
62000,-170132.46433887864,29227.437071871536,-140905.0272670071,293.74517612988114,115.68209874978247,132
64000,-170243.65942672174,29597.05086568382,-140646.60856103792,297.45991405563353,116.2670616695307,132
66000,-170197.78033104388,29778.853758349083,-140418.9265726948,299.2870918063052,116.12614729731347,132
68000,-169659.34077999566,29743.393705834023,-139915.94707416164,298.9307068333089,116.37730191116748,132
70000,-170303.86312855815,29920.717306111474,-140383.14582244668,300.7128662497297,115.9696367180747,132
72000,-169937.98435154813,29355.757192530204,-140582.22715901793,295.03483475958575,116.46855374587187,132
74000,-169569.30756670795,29678.649107565638,-139890.65845914232,298.2800027235014,116.09427560424088,132
76000,-169164.29340171604,29826.550950798148,-139337.7424509179,299.76646398534365,116.57033893248175,132
78000,-169077.05990671203,29415.65133823338,-139661.40856847866,295.6367902555626,116.86674717540429,132
80000,-169942.17008696473,29017.548303685617,-140924.62178327912,291.63572626512405,115.48131803403224,131
82000,-169708.62052984198,29906.524180054665,-139802.09634978732,300.57022075183204,116.49219431504264,131
84000,-169314.0148865946,29692.973814135185,-139621.04107245943,298.42397064802157,116.72847729923477,131
86000,-169570.3944933426,29614.153370817425,-139956.24112252519,297.6317997522952,116.43088032599167,131
88000,-169930.1996202803,29410.56747010618,-140519.63215017412,295.5856957399958,116.48447486009648,131
90000,-170359.03132742038,29433.683182093315,-140925.34814532707,295.81801610638064,115.94049645119614,131
92000,-169609.92694984586,29614.614842245704,-139995.31210760016,297.63643768909566,116.52658560827831,131
94000,-170295.3637884435,29336.568796006963,-140958.79499243654,294.84198518120814,115.90395086400385,131
96000,-169742.5418699528,29103.643856707495,-140638.8980132453,292.50101436151857,117.44705816163321,131
98000,-169777.34672207362,29722.356037361547,-140054.99068471207,298.7192714749634,116.1043040993686,131
100000,-170086.4887727534,29586.296171710535,-140500.19260104286,297.3518259099766,115.97319362030045,131
102000,-169362.23832178826,29731.086445605746,-139631.15187618253,298.80701489567707,115.95432273205554,131
104000,-170148.9363345299,29481.253305482212,-140667.68302904768,296.2961112003511,116.29806015716315,130
106000,-170068.0808851698,29846.66828237113,-140221.41260279866,299.9686496607977,116.04817288545944,130
108000,-169823.73586865445,30092.675951320125,-139731.05991733432,302.4411061360961,117.12975319657487,130
110000,-170262.63673559413,29584.08799825213,-140678.548737342,297.3296330540012,116.40302898532916,130
112000,-170564.31055788486,29272.822235116502,-141291.48832276836,294.2013116691791,116.69797140978515,130
114000,-169629.71320091886,29725.56503983005,-139904.14816108881,298.7515229855216,116.55690108870479,130
116000,-169226.6398594007,30130.6905565653,-139095.9493028354,302.82316518854714,116.20714711509827,130
118000,-169713.67674827762,29420.745922154165,-140292.93082612345,295.6879924683135,116.02325683687319,130
120000,-169325.7485853919,30267.369353381917,-139058.37923201,304.19683121151695,116.10036298984508,130
122000,-169337.44543196156,29907.20614459645,-139430.2392873651,300.5770747155904,117.14208436621432,130
124000,-169156.11826898414,29621.720453731134,-139534.397815253,297.70785137795815,116.2723397950307,130
126000,-169777.72438061482,29770.83343307866,-140006.89094753616,299.2064849486671,115.2784227428545,130
128000,-169255.00196091272,29956.721366021986,-139298.28059489073,301.07471867263627,116.6752389955777,130
130000,-169934.96954909933,29809.606525843497,-140125.36302325584,299.596167045503,115.82641671723002,130
132000,-169684.8687007022,29368.24802627554,-140316.62067442667,295.16037167031493,116.68188057321666,130
134000,-170535.4238451448,29679.813503384124,-140855.61034176068,298.291705277302,115.47094701240312,130
136000,-170500.14938054478,29880.19300505049,-140619.9563754943,300.3055839442909,116.61944399803922,130
138000,-169915.02679631102,29660.876131087774,-140254.15066522325,298.10137857342613,116.22816953298242,130
140000,-170262.68501579936,29372.888075357536,-140889.79694044183,295.20700566122866,116.50000269651318,130
142000,-170205.53002681443,29436.48418395262,-140769.04584286181,295.8461670791286,116.50102512916446,130
144000,-169637.92991639278,29317.55862888717,-140320.3712875056,294.65092686586115,117.20008944128934,130
146000,-169927.09001308994,29802.501433198573,-140124.58857989137,299.5247585711551,116.7274659955729,130
148000,-170226.23682122643,29599.694710201118,-140626.5421110253,297.4864855463696,116.27735636871454,130
150000,-169614.3246706553,29348.36249272409,-140265.96217793121,294.9605156397932,116.8259420924041,130
152000,-170006.40291050414,29827.839175469708,-140178.56373503443,299.779411059085,116.29251339609168,130
154000,-170205.2683715711,29939.47532105469,-140265.7930505164,300.90139035431656,116.34253100339758,130
156000,-169660.2920294928,29553.05381493637,-140107.23821455642,297.017729494968,116.3409600848989,129
158000,-169521.0351612952,29687.312034500297,-139833.7231267949,298.3670679352736,116.14423614004967,129
160000,-169958.29593122285,29416.149152422906,-140542.14677879994,295.64179344884366,116.86524722914291,129
162000,-169907.2099738504,30111.723882504273,-139795.48609134613,302.63254399247876,115.29510381385136,129
164000,-170181.52499758336,30160.172448184894,-140021.35254939846,303.11946771501033,116.08224730948346,129
166000,-170187.0050908639,29621.382136063767,-140565.62295480014,297.7044511762044,116.37439590091125,129
168000,-170123.2260379406,29833.302132644225,-140289.92390529637,299.83431554193356,116.88324990486245,129
170000,-170057.32600767666,29535.695304383058,-140521.6307032936,296.8432708612091,117.28953485043569,129
172000,-169607.54228438123,29699.98412404096,-139907.55816034027,298.4944265252486,116.81716351779869,129
174000,-170268.71642601653,29281.040656198165,-140987.67576981836,294.28390945365834,116.56308157201767,129
176000,-170034.25630227348,29753.72619668534,-140280.53010558814,299.0345517013182,117.11887796759143,129
178000,-169700.89112085558,29916.106348538273,-139784.7847723173,300.66652463786903,116.96431956615551,129
180000,-169530.08978659718,29763.22796572285,-139766.86182087433,299.1300475469719,117.04499846993079,129
182000,-170035.7054267939,29876.553857628023,-140159.15156916587,300.26900933811027,115.94260974964045,129
184000,-169954.25020210794,29611.799291469215,-140342.45091063873,297.60814049503415,116.48769579172688,129
186000,-169889.24786532926,29508.528129596612,-140380.71973573265,296.5702319860257,116.3484553130893,129
188000,-169408.47962026065,30018.746629816247,-139389.7329904444,301.69809259327616,116.10537773464434,129
190000,-169706.8263019533,29458.49744819489,-140248.3288537584,296.0674074898474,116.73169244770921,129
192000,-170390.20653067413,29339.244412123575,-141050.96211855055,294.868875986772,116.27478077243113,129
194000,-170032.34950993094,29655.00052484707,-140377.34898508387,298.0423268342743,116.69973257768378,129
196000,-169653.69489176793,29240.617697498645,-140413.07719426928,293.8776456716619,116.70075429837377,129
198000,-169370.0728312157,29453.57388253312,-139916.49894868257,296.017924065798,116.561322005595,129
200000,-170488.94357170514,29528.973612844013,-140959.96995886113,296.7757156917232,116.13050399772717,129
202000,-170369.65548784472,29729.12190767601,-140640.5335801687,298.7872706554016,116.58596532789315,128
204000,-170120.17402381264,29239.06442764355,-140881.1095961691,293.862034808279,116.76416840933447,128
206000,-170251.8647628813,29857.92877567123,-140393.93598721008,300.0818212529429,115.90592432411889,128
208000,-170589.62251706002,29911.56213205133,-140678.0603850087,300.62085379546687,114.97603004698783,128
210000,-170696.97564943333,29581.629245514458,-141115.34640391887,297.3049217953913,116.15580585639876,128
212000,-170089.09558889642,28997.161722384626,-141091.9338665118,291.4308345429994,116.67515323177106,128
214000,-169614.81584436016,29597.42415706138,-140017.39168729878,297.46366575446297,116.68369930153814,128
216000,-170220.26540115464,30389.146547749173,-139831.11885340547,305.42073132017333,116.28203647238013,128
218000,-170058.18067049817,29980.91593704815,-140077.26473345002,301.31788192057996,116.57106977011651,128
220000,-170385.72309769003,29503.304407849675,-140882.41868984036,296.51773189644086,116.95628687702524,128
222000,-170062.1823733329,29694.628932256484,-140367.55344107642,298.44060511935277,116.71329990398657,128
224000,-169954.4254289096,29285.43497370428,-140668.99045520532,294.32807376292124,117.03582882118711,128
226000,-170336.60235738067,30013.598463783506,-140323.00389359717,301.64635186300563,116.1987606432153,128
228000,-170421.1254916495,29808.751503815758,-140612.37398783374,299.5875737981541,115.42386928381389,128
230000,-169526.1732251977,29737.982294090907,-139788.1909311068,298.87632039868294,116.0574435172792,128
232000,-169400.61980612285,29565.517261087196,-139835.10254503565,297.1429911515326,116.51955708132836,128
234000,-170617.11418433103,29527.708302310028,-141089.405882021,296.7629989124602,116.65425226935399,128
236000,-170388.4008830235,29714.601125421468,-140673.79975760204,298.6413321069611,117.02883725981944,128
238000,-169973.2810942498,29478.494704541285,-140494.78638970852,296.2683863705184,116.80187136949337,128
240000,-170633.27472851344,29889.973530647578,-140743.30119786586,300.4038813833409,116.03176410255317,128
242000,-170075.9487744054,29974.370355470106,-140101.5784189353,301.2520967130441,116.92974280608222,128
244000,-170306.12997684022,29813.655101337237,-140492.474875503,299.6368565359486,116.19944847715351,128
246000,-169991.9633595856,29297.60458256968,-140694.35877701594,294.45038225992727,116.1898878955251,128
248000,-170131.63446175004,29362.59302804788,-140769.04143370216,295.1035371128984,116.45634377673959,128
250000,-170019.50539608987,29507.499954280676,-140512.0054418092,296.5598984922428,116.7314364481432,128
252000,-170395.43562299968,29743.018010805637,-140652.41761219403,298.92693097701283,116.25267753580762,128
254000,-169912.65011212928,29668.13156556897,-140244.5185465603,298.17429803175344,116.49617411626144,128
256000,-169756.58429820545,29939.688747820648,-139816.8955503848,300.90353536220084,116.07600096667325,128
258000,-169707.85205935186,29915.593916495214,-139792.25814285665,300.6613745304418,117.08018682065423,128
260000,-170798.82950072677,29788.509574920812,-141010.31992580596,299.3841358793988,116.70823943971541,127
262000,-170580.15615010064,29694.986370928586,-140885.16977917205,298.44419749337567,115.60090743360333,127
264000,-169958.39591896534,28907.842573053436,-141050.5533459119,290.53314826323617,116.38777306484229,127
266000,-170434.55308853567,29851.76831795741,-140582.78477057826,300.01990666454657,115.86838876237242,127
268000,-170158.70913422538,29563.504556492437,-140595.20457773295,297.12276282072713,115.65429405352943,127
270000,-170377.38723899168,29801.73428172362,-140575.65295726806,299.51704845122316,115.56580476971838,127
272000,-169394.4416001204,29647.343175197253,-139747.09842492314,297.9653679987786,116.35184054907344,127
274000,-169951.4910235674,29987.26616569201,-139964.22485787538,301.38170376807443,116.40071907356392,127
276000,-169803.7422329022,29725.516496918164,-140078.22573598404,298.75103511358924,116.07779065370238,127
278000,-170199.23566577758,29538.922904298757,-140660.31276147882,296.8757092821141,116.41380122217606,127
280000,-169627.86445932044,29446.358832028345,-140181.5056272921,295.9454104794682,117.16358368501902,127
282000,-170296.95626455336,29368.257074147463,-140928.6991904059,295.160462604348,116.29152525173302,127
284000,-169909.35987132194,30006.529742107727,-139902.8301292142,301.57530892863684,116.70003088385673,127
286000,-169783.1383952404,30169.01879504358,-139614.11960019683,303.20837635622036,116.70757150046593,127
288000,-169155.21751962462,29780.321196872275,-139374.89632275235,299.3018400370993,117.01178318048773,127
290000,-169951.59437553375,29727.553733466426,-140224.04064206732,298.7715099984454,116.48999986523586,127
292000,-169237.56938271492,29395.174303293752,-139842.39507942117,295.4309894451744,117.06366300567879,127
294000,-170348.87124282273,29622.463503103587,-140726.40773971914,297.7153192639807,116.19418761584545,127
296000,-170488.6017445674,29550.878850666224,-140937.72289390117,296.9958704020534,116.3145920285014,127
298000,-169786.55417243904,29616.625115836556,-140169.92905660247,297.6566415875272,115.59021169150866,127
300000,-170926.5766919026,29651.593380167964,-141274.98331173463,298.00808393054643,115.69996332903068,127
302000,-169435.4350588785,29424.687381329946,-140010.74767754856,295.7276054051903,116.82124675897482,127
304000,-169178.68807209295,29852.560773157456,-139326.1272989355,300.02787109508284,117.30089557242137,127
306000,-170255.0372787132,29684.266234863317,-140570.77104384988,298.33645666584823,116.62075991800505,127
308000,-169879.68182551593,29648.420108037535,-140231.2617174784,297.97619152141834,116.36912218887473,127
310000,-170236.6091261719,29553.74551887717,-140682.86360729474,297.02468134283004,116.25532827289106,127
312000,-170087.72554869333,29814.69246375677,-140273.03308493656,299.6472823630879,116.09829146184909,127
314000,-169714.88357081753,29608.840815645643,-140106.0427551719,297.5784068581185,116.41159846979636,127
316000,-169833.76712118334,29778.368111048127,-140055.3990101352,299.2822108941812,115.96770354763262,127
318000,-169977.6510882919,29467.042010911915,-140510.60907737998,296.1532831030287,115.66622013283624,127
320000,-169760.95565880882,29699.39964755258,-140061.55601125624,298.48855234789255,116.08457883811633,127
322000,-169904.80731802527,29945.63017580635,-139959.17714221892,300.9632486311348,116.29063584829628,127
324000,-170058.50191965955,29524.676116124436,-140533.82580353512,296.73252446261523,116.16554493919047,127
326000,-169393.27601305232,29597.882839870406,-139795.39317318192,297.4682756647399,116.4307972709645,127
328000,-169149.64566273766,29690.95642968593,-139458.68923305173,298.40369528316796,116.732198630452,127
330000,-170008.8496610258,29621.88533992105,-140386.96432110475,297.70950853738606,116.38448339962935,126
332000,-170372.0389374874,29808.265942558995,-140563.7729949284,299.58269375080204,116.20049676564064,126
334000,-170367.77123951737,29646.101131392643,-140721.67010812473,297.9528850576556,116.31646153130912,126
336000,-170367.75650287129,29541.992235121084,-140825.7642677502,296.90655704754727,116.24806348231354,126
338000,-170530.53588328883,29385.90086733317,-141144.63501595566,295.3377884206415,116.65846917692274,126
340000,-169813.9794554856,29220.990616003983,-140592.9888394816,293.68038716772986,116.43698663280469,126
342000,-169920.85162684985,29416.546386808623,-140504.30524004123,295.64578578263297,116.36436224493964,126
344000,-170001.97694501712,29355.60907157464,-140646.36787344248,295.0333460961743,115.71222793770708,126
346000,-169953.4347412124,29626.149752373574,-140327.28498883883,297.7523672589317,116.3473347390876,126
348000,-170082.47263153573,30089.853193611605,-139992.61943792412,302.4127365100416,116.40817889960246,126
350000,-170344.42007800704,29482.28749169968,-140862.13258630736,296.3065051056345,116.53595775714753,126
352000,-169450.2267501786,29615.476271533174,-139834.75047864544,297.6450953314729,116.26807620544659,126
354000,-170388.19787628797,29537.374847390776,-140850.8230288972,296.8601508105323,115.81916711968485,126
356000,-169693.1318313151,29578.247874395456,-140114.88395691966,297.27093792426126,116.48579149464764,126
358000,-169740.1357049538,30014.880767980125,-139725.25493697368,301.659239434063,116.49696874398444,126
360000,-168801.5117375909,29889.747671128716,-138911.76406646217,300.40161142227714,117.03020664380603,126
362000,-170001.53980991838,29900.91885277466,-140100.62095714372,300.5138854034715,116.41727922044271,126
364000,-169889.5486600853,29552.218561357353,-140337.33009872795,297.0093349269093,116.56286959817417,126
366000,-170563.8572025206,29669.67274590768,-140894.18445661291,298.1897873915947,115.40108192087696,126
368000,-169312.03835988056,29847.248803939845,-139464.78955594072,299.97448408993466,116.76417842883934,126
370000,-169815.124060118,29561.38304762228,-140253.7410124957,297.10144097183587,116.88634516698687,126
372000,-169980.7776731433,29548.45983487717,-140432.31783826614,296.97155851260277,116.01742241056955,126
374000,-169566.11141664546,29461.54583176691,-140104.56558487855,296.098044728654,116.74668503560416,126
376000,-170406.11251934175,29616.96838570712,-140789.14413363463,297.66009156052144,115.9622359489801,126
378000,-170409.3076124437,29529.473826934816,-140879.83378550888,296.78074300478676,117.04975589532644,126
380000,-170246.4809214709,29679.77158261207,-140566.70933885884,298.2912839600123,116.48301722306644,126
382000,-170009.70331864443,29754.39030779933,-140255.3130108451,299.04122623236486,116.11061888450682,126
384000,-169987.640572196,29497.69211875787,-140489.94845343812,296.4613265796247,115.70484050083301,126
386000,-170238.67520801257,29651.68242976186,-140586.99277825071,298.00897890770705,116.75121048881778,126
388000,-169496.4882503301,29904.63963406789,-139591.8486162622,300.5512804564018,115.93646446119143,126
390000,-169301.0041400817,29519.998687442392,-139781.0054526393,296.6855147946562,116.3259251886542,126
392000,-169885.02157512004,29513.05342878413,-140371.96814633592,296.6157127034628,116.74217502556863,126
394000,-169926.0768266701,29679.064768326236,-140247.01205834385,298.2841802483057,116.42098959672214,126
396000,-169669.54485607252,29987.51157912066,-139682.03327695187,301.384170252243,116.79780523157733,126
398000,-170069.8572956347,29097.33970782929,-140972.5175878054,292.4376556305418,116.59488443529833,126
400000,-170164.38532010722,29624.131740805795,-140540.2535793014,297.73208559133457,115.7009569504202,126
402000,-169909.98091478646,29257.98612636188,-140651.99478842458,294.05220398763686,115.82751182286928,126
404000,-170117.84534381598,30011.837350947084,-140106.0079928689,301.6286521105762,116.43511559936748,126
406000,-169916.39253730595,29958.486411222722,-139957.90612608322,301.0924579465963,116.82824230216649,126
408000,-170349.79615444294,29864.142754041823,-140485.65340040112,300.1442737412145,116.49020658246292,126
410000,-169620.12301076378,29453.954884739826,-140166.16812602396,296.0217532609491,116.18742539922177,126
412000,-170370.52653554687,29905.34914110636,-140465.1773944405,300.5584112311416,116.02861935998538,126
414000,-169511.61690027197,29990.398119370162,-139521.2187809018,301.41318091342106,116.2563704869637,126
416000,-169540.89763622615,29392.48687717947,-140148.41075904667,295.40397994532213,116.26529942669451,126
418000,-169791.99894830782,29742.772407494485,-140049.22654081334,298.9244625844639,116.25169253842463,126
420000,-170127.78805587918,29552.74908992648,-140575.0389659527,297.01466691026445,116.2843355822765,126
422000,-169794.58177291835,29283.71155603521,-140510.87021688314,294.31075285909037,116.8205210804367,126
424000,-170099.20418071724,29408.433229461312,-140690.77095125592,295.5642459326593,115.49048687985393,126
426000,-169555.64012579154,29476.08910889068,-140079.55101690086,296.2442093577907,116.06337416727936,126
428000,-169398.29057869327,29604.243505849096,-139794.04707284417,297.5322024108182,116.7315377251017,126
430000,-170005.0226086725,29920.580908277072,-140084.44170039543,300.7114954074697,117.19319249689201,125
432000,-170623.74112493382,29426.03119636979,-141197.70992856403,295.7411111800755,116.44357172014935,125
434000,-170280.1402969875,29570.649283055158,-140709.49101393233,297.19456962874136,115.6781279985228,125
436000,-169779.0204090263,29507.671391054988,-140271.3490179713,296.5616214871582,116.35158575739335,125
438000,-169941.2921993771,29588.346979897702,-140352.94521947938,297.3724371941841,117.07743133777288,125
440000,-169963.6107502716,29733.59555343486,-140230.01519683673,298.83223223920874,116.53484343379726,125
442000,-169809.83071449504,29769.94742117572,-140039.88329331932,299.19758024307,115.95173353591062,125
444000,-169452.3584030167,29522.03088085621,-139930.32752216049,296.7059389943835,117.04985034917306,125
446000,-169721.7844431789,29834.656787611282,-139887.12765556763,299.84793026158604,116.1248554742727,125
448000,-169622.71498202404,29555.658207866363,-140067.05677415768,297.0439044845181,116.41380932664237,125
450000,-170181.9034456337,29713.808694381383,-140468.09475125233,298.63336791924024,116.62563765220413,125
452000,-169675.9284053106,29484.66307614313,-140191.26532916748,296.33038049604374,116.09716762716614,125
454000,-169522.84222473705,29618.177613292122,-139904.66461144492,297.67224468804557,116.86186269593955,125
456000,-170458.80672704743,29430.53949262423,-141028.2672344232,295.78642101254735,115.98905962748509,125
458000,-170395.95907962706,29321.763796548126,-141074.19528307894,294.69319015812954,116.6640700706814,125
460000,-170028.38585805602,29869.377752479035,-140159.00810557697,300.1968871651762,116.00234701079962,125
462000,-169932.27520302404,29158.07613368456,-140774.1990693395,293.04807631390463,115.8546832066521,125
464000,-170516.01112376375,30121.384398304857,-140394.6267254589,302.729635294339,116.02644589817177,125
466000,-169588.20500639535,29910.413799998234,-139677.79120639712,300.60931268769326,116.6738648093536,125
468000,-169922.520858387,30477.08209206682,-139445.43876632018,306.3045119229729,116.38373795891258,125
470000,-170346.4327649906,29867.29295055964,-140479.13981443096,300.1759342329878,116.6539385200052,125
472000,-169919.50372317492,29543.75830245437,-140375.74542072054,296.92430659426935,115.8800053466042,125
474000,-170121.9867856917,29314.874942822615,-140807.11184286908,294.6239549547157,116.44525746867453,125
476000,-170340.42196594935,29993.99028956372,-140346.43167638563,301.44928338328873,116.87987944033293,125
478000,-170038.25412090472,29621.581246193964,-140416.67287471076,297.7064522972785,116.8466387712983,125
480000,-169335.71567285492,29527.368200986413,-139808.3474718685,296.75958078438555,116.83539321476867,125
482000,-169640.9586676763,29601.584163350286,-140039.37450432603,297.50547516036573,116.3551441180916,125
484000,-169678.11334805656,29804.222969232156,-139873.8903788244,299.5420605639421,116.4593576408507,125
486000,-169482.89728082798,29472.368662148132,-140010.52861867985,296.2068176672027,116.636688487709,125
488000,-170165.43116898392,29771.525148635148,-140393.90602034878,299.2134369132705,117.17033322584385,125
490000,-170301.59035782586,30008.04915699642,-140293.54120082944,301.5905795386803,115.97013690249766,125
492000,-170308.47394480184,29434.234347511432,-140874.2395972904,295.82355549672894,116.92366265729719,125
494000,-170158.28966294834,29110.00968585862,-141048.27997708973,292.56499299914634,116.8946198626678,125
496000,-169530.17420738353,29562.715395274106,-139967.45881210943,297.1148314957703,116.73757304480631,125
498000,-170234.6010761814,29773.082087408693,-140461.5189887727,299.22908465046805,116.69058876553402,125
500000,-170793.9646277877,29419.584183018538,-141374.38044476917,295.67631661503316,115.70876888032835,125
502000,-169843.56652270374,29248.72533400191,-140594.84118870183,293.959130035371,116.11217987534162,125
504000,-168708.9472307728,29819.14168791147,-138889.80554286134,299.69199850189096,117.59720228605195,125
506000,-169519.27242242813,30063.677161456086,-139455.59526097204,302.14965893820397,116.93512758411285,125
508000,-170445.53250100976,29736.799664906925,-140708.73283610283,298.8644345936741,115.98908494628726,125
510000,-170543.98066045728,29522.95784509281,-141021.02281536447,296.7152552841518,115.40756231533649,125
512000,-170124.00789871556,29551.552126861643,-140572.4557718539,297.00263704512656,115.66616460465221,125
514000,-170366.4878593363,29692.89940748393,-140673.58845185238,298.42322283716067,116.27796484956286,125
516000,-169781.85668444273,29343.183994415915,-140438.6726900268,294.90847006036444,116.63343047941602,125
518000,-169516.2107383589,29351.365023074206,-140164.8457152847,294.99069203891986,116.3708201391426,125
520000,-169746.12301826873,29996.83473481587,-139749.28828345286,301.4778709761566,117.20015811015054,125
522000,-169495.85190078698,29493.285348009085,-140002.5665527779,296.41703711125353,115.39679406643684,125
524000,-169618.28398301057,29849.43771580048,-139768.8462672101,299.99648336063547,116.94449155679362,125
526000,-169866.3601307536,30068.16916715633,-139798.19096359727,302.19480504534806,116.0295916658262,125
528000,-169911.97581966326,30208.486397952074,-139703.4894217112,303.60503850416274,116.64221359255669,125
530000,-169647.47308115393,29798.258779062482,-139849.21430209145,299.4821185277124,116.9890788533356,125
532000,-170089.4182047759,29426.053928600857,-140663.36427617504,295.7413396463349,115.30481661660554,125
534000,-169660.7883598461,29587.302998732543,-140073.48536111356,297.361944846515,115.78725889266795,125
536000,-170933.2783642161,29955.88800374535,-140977.39036047074,301.0663431127769,116.02165528785176,125
538000,-170292.09143172973,29431.553468116734,-140860.537963613,295.79661179352155,115.32402738161271,125
540000,-170030.082673777,29175.595746555686,-140854.48692722133,293.22415407795563,116.30341840282094,125
542000,-170063.45252189762,29767.457880271366,-140295.99464162625,299.1725595534476,116.61217111874146,125
544000,-170269.52513933147,29444.860303000896,-140824.66483633057,295.9303497790715,117.03984550271132,125
546000,-169625.88067858154,29441.506437495816,-140184.37424108572,295.89664234823914,117.54585132665864,125
548000,-170510.55308636778,29476.962801115704,-141033.59028525208,296.2529902466484,116.11211851808116,125
550000,-170578.8535058907,29929.593853626808,-140649.2596522639,300.80207841728674,116.79773475482591,125
552000,-170097.8244780089,29770.389543442056,-140327.43493456685,299.20202371454775,117.32342491842346,125
554000,-169585.72984659649,29842.703281549155,-139743.02656504733,299.9288001227783,116.96847509503586,125
556000,-170302.53273403586,29007.951525143813,-141294.58120889205,291.5392755432866,115.64664481381638,125
558000,-170909.11037044902,29269.89261855674,-141639.21775189228,294.17186807717945,115.83408105551327,125
560000,-170438.63508066174,29614.777863030788,-140823.85721763095,297.638076100603,116.18922518796816,125
562000,-169676.3765289553,29399.220082162065,-140277.15644679323,295.47165082863177,116.20207817201351,125
564000,-169738.025970164,29578.226771756774,-140159.7991984072,297.27072583593133,116.41456190971424,125
566000,-170181.5822784888,29139.586893496133,-141041.99538499265,292.86225348235416,115.65461590690867,125
568000,-169568.70753311587,29205.057957919547,-140363.64957519632,293.52025881149666,116.04527102670987,125
570000,-169998.52843344188,29521.44084540414,-140477.08758803774,296.7000089476481,116.70314956023988,125
572000,-170052.00895474362,29398.577162766014,-140653.4317919776,295.46518928119036,116.52796707811568,125
574000,-169549.5028379499,29188.662325985497,-140360.8405119644,293.35547741864355,116.91016506473287,125
576000,-170250.2798045273,29879.56194309867,-140370.71786142862,300.2992415679912,116.19891411071,125
578000,-170769.6792386202,29244.886521345237,-141524.79271727498,293.92054872914184,116.3535504579327,125
580000,-170511.3866056496,29748.46688099485,-140762.91972465476,298.9816938811123,115.86440355103392,125
582000,-171075.02633330633,30150.966418140393,-140924.05991516594,303.0269441416902,116.52237672208611,124
584000,-169834.0440222188,29210.974107299233,-140623.06991491956,293.5797180222811,116.21299041949356,124
586000,-169678.2437604313,29348.91525461129,-140329.32850582,294.96607107517104,116.686642667905,124
588000,-170320.51680307556,29226.054058064707,-141094.46274501085,293.7312763947358,115.71319150277591,124
590000,-170661.99400993134,29468.58124026633,-141193.412769665,296.16875285484804,116.31087032206167,124
592000,-170406.73477606568,29319.87136744114,-141086.86340862454,294.6741706347967,116.1659114672759,124
594000,-170420.47592759377,29484.415498974267,-140936.0604286195,296.32789226558776,116.35653142880953,124
596000,-171071.72908740852,29459.346945834783,-141612.38214157373,296.0759452153154,115.38836066238504,124
598000,-170837.4722999446,29388.375520347152,-141449.09677959746,295.3626594821603,115.62410884455994,124
600000,-170387.5320224549,29680.23375592567,-140707.29826652922,298.2959289509868,116.87339906380299,124
602000,-169676.42666192213,29631.422740361188,-140045.00392156094,297.8053624901367,116.50580592202648,124
604000,-169448.7699069865,29734.276611657813,-139714.4932953287,298.83907709417036,116.49772231890402,124
606000,-169609.4583674334,29633.43193710255,-139976.02643033085,297.82555556588323,116.11301823752525,124
608000,-169147.7350232876,29617.14678761433,-139530.58823567326,297.6618845572706,116.90295492769485,124
610000,-170382.80968789058,29621.161329694325,-140761.64835819625,297.70223200092323,115.80265136675285,124
612000,-169355.62762554036,29482.039888955536,-139873.58773658483,296.3040166181387,116.23274856698303,124
614000,-169872.14143765066,29928.159786434146,-139943.9816512165,300.7876655791356,116.81219503868792,124
616000,-169517.10808388703,29611.20851078187,-139905.89957310515,297.60220295844374,116.70171441384332,124
618000,-169401.96453749738,29544.793456186773,-139857.1710813106,296.9347102233901,116.62879273920558,124
620000,-169978.47763229464,29692.303684931947,-140286.1739473627,298.4172356332356,116.09636427091839,124
622000,-169968.88786929066,29705.289227630477,-140263.59864166018,298.54774452861847,116.78006260109677,124
624000,-169854.0237231471,29347.90063726902,-140506.1230858781,294.95587384339956,116.84876354640387,124
626000,-169679.6873227316,29719.359823456733,-139960.32749927486,298.6891585581508,116.73264644328395,124
628000,-170210.9448775394,29212.233453353867,-140998.71142418555,293.59237485660145,116.43974940891793,124
630000,-170846.37782652024,29306.891468190006,-141539.48635833024,294.5437184578817,115.74704828306449,124
632000,-170145.984338779,29673.384299891768,-140472.60003888723,298.2270897070899,117.0346942161198,124
634000,-171134.67438986083,29823.611949546845,-141311.06244031398,299.7369260741649,115.91799554691724,124
636000,-170715.54543177807,29792.520277124248,-140923.02515465382,299.42444473105263,116.02251875848515,124
638000,-170182.36890504253,30021.318243308924,-140161.0506617336,301.72393813890113,116.28811954204687,124
640000,-170661.24368733913,29559.344609823078,-141101.89907751605,297.0809540140201,115.93268508412349,124
642000,-170340.48882486718,29119.55692667188,-141220.9318981953,292.660945850823,116.24802083590761,124
644000,-169961.96002729284,29739.822886709124,-140222.1371405837,298.8948189485726,116.27176057851356,124
646000,-169819.30678759818,29401.42834317329,-140417.8784444249,295.4938445645413,116.41966556879383,124
648000,-170349.2013838084,29979.429282257566,-140369.77210155083,301.3029405600963,116.49837603335635,124
650000,-170054.7995590882,29930.915584332368,-140123.88397475582,300.8153622374844,116.51204386561604,124
652000,-170153.8245101599,29681.233159802272,-140472.59135035763,298.30597328251804,116.16876932829477,124
654000,-170466.24825971795,30047.922948215855,-140418.3253115021,301.9913240102505,115.92573065495841,124
656000,-170147.27187540103,30201.076063476503,-139946.19581192452,303.5305622508958,116.3170672373419,124
658000,-170715.08440104802,29743.067868088605,-140972.01653295942,298.9274320587988,116.27068560328063,124
660000,-170010.93904339988,29664.766556045506,-140346.17248735437,298.1404785999395,116.7636608936361,124
662000,-169883.0559668634,29109.92534854496,-140773.13061831845,292.5641453819231,116.30669001491316,124
664000,-169745.30673532514,29503.05175643394,-140242.2549788912,296.51519266816604,115.7678517614266,124
666000,-170104.10841484682,29543.664399111876,-140560.44401573495,296.9233628353687,116.56256625316891,124
668000,-169803.60797551542,29490.25427415222,-140313.3537013632,296.3865738406712,116.86865719398135,124
670000,-169426.770827253,29725.48353479849,-139701.2872924545,298.75070383364755,117.0330819518157,124
672000,-169917.80715157615,29834.49640217796,-140083.3107493982,299.8463183362145,117.03908714610355,124
674000,-170146.0001932101,29593.77612389867,-140552.2240693114,297.42700184372484,116.50996405253882,124
676000,-169601.26659532136,29424.548999177758,-140176.7175961436,295.7262146198961,116.40497277790699,124
678000,-170119.14351945987,29561.444163024542,-140557.69935643533,297.10205520135446,116.32614209812492,124
680000,-169969.59457295062,29475.31308983639,-140494.28148311423,296.23641011582424,116.51653418169508,124
682000,-170026.6780622832,29775.85525772802,-140250.82280455518,299.25695590725616,117.27702899877714,124
684000,-169752.81606145087,29867.60558830318,-139885.2104731477,300.1790763432185,116.63133722041194,124
686000,-170097.9186961688,29579.149635986658,-140518.76906018215,297.2800009193088,116.1657053050134,124
688000,-170017.4772418131,29687.10661655641,-140330.37062525668,298.36500341863615,117.0540769263839,124
690000,-170055.70683092833,29599.451267658384,-140456.25556326995,297.4840388702407,117.17212037377571,124
692000,-170244.07464506186,29284.935182272457,-140959.1394627894,294.3230506977169,116.25296579623914,124
694000,-169690.9782684025,29482.421319009503,-140208.556949393,296.30785011329283,116.5180835686069,124
696000,-169636.37387865398,29679.115441855276,-139957.2584367987,298.28468953362807,116.44968869676129,124
698000,-169943.60031328967,29762.850338774035,-140180.74997451564,299.12625227425207,116.54743068040945,124
700000,-169848.54392435867,29589.651090574916,-140258.89283378376,297.3855439274098,115.93541619151026,124
702000,-170083.3541613093,29921.70448916836,-140161.64967214095,300.72278775807837,115.4530408380769,124
704000,-169629.19390998932,29445.126015991904,-140184.06789399742,295.9330202803936,116.07199884056575,124
706000,-170297.4971376703,29965.090720335254,-140332.40641733503,301.1588333848089,115.7774168194909,124
708000,-169809.83037010126,29300.764543977217,-140509.06582612405,294.48214089199405,115.89557797624296,124
710000,-170625.74594241288,29771.517563361966,-140854.2283790509,299.21336067882675,117.09444244664512,124
712000,-170039.2829696664,29875.280837897677,-140164.00213176874,300.25621507893567,116.38391815513712,124
714000,-169519.97313011496,29904.227929953486,-139615.74520016147,300.5471426971689,116.97057611258388,124
716000,-169938.83608919196,29478.956705183256,-140459.8793840087,296.2730296260873,116.79681367435131,124
718000,-169957.69261987042,29579.98918012035,-140377.70343975007,297.2884386088268,115.85396034447255,124
720000,-170010.67450445192,29676.02071366203,-140334.6537907899,298.2535865164199,116.12403115845856,124
722000,-169934.9724153009,29643.45039289212,-140291.52202240878,297.92624428016296,116.81339429843047,124
724000,-169867.47904889658,29720.771081941028,-140146.70796695555,298.70334216142106,116.6611674234386,124
726000,-170289.6613731858,29819.335448741913,-140470.3259244439,299.69394586077584,116.20549599903968,124
728000,-169249.66350922547,30646.76977608609,-138602.89373313938,308.009927916402,115.81612352681114,124
730000,-170046.52440696838,29636.857366981916,-140409.66703998647,297.8599822417756,116.85911852922156,124
732000,-170408.24310666788,29460.17719892692,-140948.06590774097,296.08428952686694,116.35706809994596,124
734000,-170732.0151124238,29411.465724111535,-141320.54938831227,295.59472348267343,115.67947189008835,124
736000,-169989.61499474302,29978.434034524485,-140011.18096021854,301.292937999149,115.99614837859127,124
738000,-170081.54586048878,29661.0462703628,-140420.49959012598,298.1030885280549,116.51612141372298,124
740000,-169950.09612643253,29710.780662652804,-140239.31546377973,298.6029352230291,116.68490892714317,124
742000,-170087.9983648673,29490.0635630904,-140597.9348017769,296.38465713294534,116.85752311233882,124
744000,-169691.86778143898,29727.39186278195,-139964.47591865703,298.7698831458205,116.0553602659724,124
746000,-169818.65926948353,29574.147698676214,-140244.5115708073,297.2297298348947,116.74574235881859,124
748000,-170109.72882086958,29857.69530762406,-140252.03351324552,300.07947482371384,117.37820103874509,124
750000,-169621.19831223588,29867.542699363665,-139753.65561287221,300.1784442890781,116.74617092288965,124
752000,-170163.35109098163,29269.267632109637,-140894.083458872,294.1655867616631,115.74403260231819,124
754000,-169873.03084634233,29590.61610568408,-140282.41474065825,297.39524264072884,115.87552866624992,124
756000,-170018.77500976995,29229.176117779105,-140789.59889199084,293.7626541025532,115.4951136323279,124
758000,-169936.74597123754,29088.892239954672,-140847.85373128287,292.35275585186537,116.60523057107555,124
760000,-170801.8088199388,29187.051521263245,-141614.75729867554,293.33928831127554,115.90886529527118,124
762000,-170148.52596522518,29398.717852829956,-140749.80811239523,295.46660326174265,117.28676833127821,124
764000,-170231.86854742037,29870.79026173614,-140361.07828568423,300.2110833391169,115.71541178261802,124
766000,-170037.90468782233,29808.987180941214,-140228.91750688112,299.58994242933295,116.19633023415928,124
768000,-169997.9980917708,29775.67009082262,-140222.32800094818,299.2550949200917,116.75980555229276,124
770000,-170081.33215233393,29917.926481720526,-140163.4056706134,300.68481756382374,116.68302703716843,124
772000,-170353.78549048037,29836.488063012017,-140517.29742746835,299.8663351704327,116.14019318723946,124
774000,-170471.2998008345,29442.97450549237,-141028.32529534213,295.91139690544367,116.071906569398,124
776000,-170302.39005207038,29883.29953115323,-140419.09052091715,300.3368055342975,115.62821347038174,124
778000,-169602.20891374047,29313.513925375126,-140288.69498836534,294.61027629008134,117.03569206773582,124
780000,-170337.818664097,29712.31151427608,-140625.5071498209,298.6183207759464,117.07749272302262,124
782000,-170125.226219213,30230.579770686105,-139894.64644852688,303.82708403107983,115.50956821131649,124
784000,-170458.84575787943,29822.765026230365,-140636.08073164907,299.72841422147815,115.92809131278625,124
786000,-170458.64134983637,30005.92566942668,-140452.7156804097,301.56923780321955,115.52392013228133,124
788000,-170201.6291923835,29774.285544040147,-140427.34364834335,299.2411797780464,115.25283453354423,124
790000,-170211.44854714756,29761.91741596954,-140449.53113117802,299.11687609895324,116.08972805485922,124
792000,-169683.6498947785,29683.062182496302,-140000.5877122822,298.3243555509353,116.68672550689897,124
794000,-169845.9707701233,29765.939889961504,-140080.0308801618,299.1573032608813,117.37430997731512,124
796000,-169232.51181496866,29569.256351796445,-139663.25546317222,297.1805702200036,117.32423766311709,124
798000,-169706.54261313356,29506.939323474653,-140199.6032896589,296.55426397169094,116.33826993760454,124
800000,-170177.72532879096,29703.443750683946,-140474.281578107,298.5291968896527,116.18208818791749,124
802000,-169570.3836376979,29727.247992812074,-139843.13564488583,298.7684372061872,117.55791742753347,124
804000,-169988.89513065643,29597.634348798776,-140391.26078185765,297.46577824926607,116.14422641224554,124
806000,-169943.85041167284,29792.811404152017,-140151.03900752083,299.427370651647,116.64009017227718,124
808000,-170060.1642995564,29693.568884454202,-140366.5954151022,298.42995129679485,116.39604029848715,124
810000,-169942.44133856392,29973.316937874537,-139969.12440068938,301.24150952620363,116.57218871378451,124
812000,-170473.19665439124,29654.262285486795,-140818.93436890445,298.0349072904266,117.02261133167602,124
814000,-169961.2667069378,29557.58534151106,-140403.68136542675,297.0632727996562,116.84511226117887,124
816000,-169980.1238130877,30008.23282005079,-139971.8909930369,301.5924254116565,115.96669533278259,124
818000,-169370.69920580147,29777.950483317953,-139592.74872248352,299.2780136006979,116.79673772713,124
820000,-169289.4852667906,29496.188911647303,-139793.2963551433,296.44621886298273,116.8682656007411,124
822000,-170319.22734897642,29643.96340778563,-140675.2639411908,297.9314002454254,116.50150788234055,124
824000,-170230.88648510724,29929.405931009795,-140301.48055409745,300.8001897343312,115.7279385899116,124
826000,-169580.1753984061,29571.182047795737,-140008.99335061037,297.19992408634135,116.66348220129562,124
828000,-169488.67555287562,30049.658975551953,-139439.01657732367,302.008771645305,116.91879780444025,124
830000,-169833.26154907793,29403.456641522935,-140429.804907555,295.51422961761637,116.21134024717767,124
832000,-169413.0628933626,29915.577960000373,-139497.48493336223,300.66121416251855,116.30942059357695,124
834000,-170107.1372130972,29674.266889785882,-140432.8703233113,298.2359600203938,116.640498834663,124
836000,-170435.77293596033,29950.839215301443,-140484.93372065888,301.01560115934967,116.39406290683903,124
838000,-170517.11038817128,29540.12319675734,-140976.98719141394,296.88777260873377,116.66041133784856,124
840000,-170262.77323862584,29913.37217919575,-140349.4010594301,300.6390453534859,115.24678216393647,123
842000,-169763.2420420783,29904.837258366402,-139858.40478371189,300.5532666443878,116.35231685086322,123
844000,-170156.37380658556,29457.90992388886,-140698.4638826967,296.06150268094024,116.29138282358002,123
846000,-170248.1665841901,29608.209518817486,-140639.9570653726,297.5720621212358,116.56146109217013,123
848000,-170374.3425801869,30146.32261477015,-140228.01996541675,302.9802724189678,116.09469300346454,123
850000,-170493.25234769727,29777.794836347923,-140715.45751134935,299.27644929841193,116.03698532230572,123
852000,-169340.3464249185,29263.62161230261,-140076.7248126159,294.10884244027187,117.10019806432724,123
854000,-169600.8226561403,29814.221930161584,-139786.60072597873,299.64255334858507,116.03878489938866,123
856000,-170110.25231116265,29524.064119324496,-140586.18819183816,296.72637369724544,116.77543351725721,123
858000,-169547.58597091038,29392.219843672356,-140155.36612723803,295.4012961723869,115.92071022234055,123
860000,-169431.3901770895,29330.686767296982,-140100.7034097925,294.7828688941671,116.91018705551129,123
862000,-169754.28093862697,29503.79013490578,-140250.4908037212,296.52261361012984,116.43094880593101,123
864000,-169848.67531433282,29540.79613522766,-140307.87917910516,296.89453585756064,116.76031478186253,123
866000,-170129.6481388536,29176.583208628464,-140953.06493022514,293.23407839050407,116.20782902375352,123
868000,-170395.4602321532,29561.056341564894,-140834.4038905883,297.0981574705103,115.92281326381767,123
870000,-169604.66040573537,29354.318265658338,-140250.34214007703,295.02037308009005,116.58630430464977,123
872000,-169605.6337704789,29146.195319956576,-140459.4384505223,292.9286703012423,116.45495342444377,123
874000,-169933.68813303125,29352.06671179633,-140581.62142123492,294.9977442370569,116.50511294692488,123
876000,-169947.28798129433,29914.98490613373,-140032.3030751606,300.6552537797424,116.55633001076716,123
878000,-169723.0151114798,29763.745604648313,-139959.26950683148,299.1352499852479,116.57653875945927,123
880000,-170115.6174143931,29579.138118619332,-140536.47929577378,297.27988516604984,116.83367212006952,123
882000,-169860.9537768307,29313.90740349237,-140547.04637333832,294.6142308721602,115.90332476823768,123
884000,-169903.06199942576,29216.307244444208,-140686.75475498155,293.63331777193156,116.37238572186794,123
886000,-170632.98197853612,29647.707121124695,-140985.27485741142,297.969025772818,115.0586053734159,123
888000,-169889.65741767234,29550.993230086286,-140338.66418758605,296.9970199521426,117.06962036997798,123
890000,-169154.29718205798,29926.073852234287,-139228.2233298237,300.766701267163,116.99664510711987,123
892000,-170442.79395611864,29934.446538500953,-140508.34741761768,300.85084946654274,116.75915381497843,123
894000,-170143.2766963482,29309.268760309205,-140834.007936039,294.5676110109834,116.29845380713773,123
896000,-170248.04124875658,30225.06068804534,-140022.98056071124,303.7716154691803,116.69280313801995,123
898000,-169615.76987077727,30352.738008689135,-139263.03186208813,305.0548137512629,116.56868990245461,123
900000,-169396.0058300834,29639.284048351925,-139756.72178173147,297.8843711727889,117.48874981597214,123
902000,-169969.93041592196,29539.589770699356,-140430.3406452226,296.8824115046804,115.47684144333256,123
904000,-170186.9840887111,29659.89465929754,-140527.08942941355,298.09151446515074,115.58772369403995,123
906000,-170893.4299692422,29439.503760961117,-141453.92620828107,295.876514802674,116.12551193423998,123
908000,-170056.90877621935,29424.348371045082,-140632.56040517427,295.7241982424072,116.9098052683588,123
910000,-170298.2005862242,29295.074274742976,-141003.12631148123,294.42495184957727,116.01602168016538,123
912000,-170286.68797024293,29404.07571357442,-140882.6122566685,295.5204514915478,116.35780544144741,123
914000,-170053.01214405824,29439.896412977483,-140613.11573108076,295.8804610821723,115.46636109232288,123
916000,-169690.35283598723,29951.83812066121,-139738.51471532602,301.02564048062584,115.99200840484876,123
918000,-170740.56519259885,29670.45351027581,-141070.11168232304,298.19763432549684,116.30869395293028,123
920000,-170064.3572984042,29690.960461175768,-140373.39683722844,298.40373580094206,116.82531685291623,123
922000,-169910.66703021724,29450.352718175214,-140460.31431204203,295.98555032432597,116.10961206428044,123
924000,-170096.33308729378,29579.450756563107,-140516.88233073067,297.28302727829293,116.1619684418448,123
926000,-169644.65276614472,29737.521619944368,-139907.13114620035,298.87169047482126,116.62331862575914,123
928000,-169963.29606418742,29715.388196287677,-140247.90786789975,298.64924242320444,116.79732374664262,123
930000,-170547.5141315878,29469.901705451077,-141077.61242613674,296.18202395615305,115.68684629080954,123
932000,-169744.38120928628,29514.485471883556,-140229.89573740272,296.63010519882374,116.28444314662414,123
934000,-169721.17579944234,29045.34883802058,-140675.82696142176,291.9151306081955,116.34572766930422,123
936000,-170063.8238109314,30125.830958247883,-139937.99285268353,302.7743246569549,115.82052741872825,123
938000,-169679.3864314874,30078.54887685005,-139600.83755463734,302.29912447796414,116.46193891620912,123
940000,-169524.62603185466,29706.042847016593,-139818.58318483806,298.55531864668995,116.4512451149515,123
942000,-170203.70714809105,29838.244825175032,-140365.46232291602,299.88399119719026,116.73253640500633,123
944000,-170132.35804261488,29989.357423348927,-140143.00061926595,301.4027215825087,116.59266095644486,123
946000,-169260.91373722034,29677.04211858008,-139583.87161864026,298.26385196551877,116.83472871593918,123
948000,-169673.5900098089,29566.164633142063,-140107.42537666683,297.1494974496323,116.45892719891751,123
950000,-169241.98409108387,30345.571929003112,-138896.41216208076,304.9827923374675,117.57798372052025,123
952000,-170008.99515697767,29846.146011211444,-140162.84914576623,299.9634006670727,116.19133022189087,123
954000,-170412.30468451174,29548.103942823596,-140864.20074168814,296.96798168259534,115.95132829645206,123
956000,-170026.90796388546,29476.387738196005,-140550.52022568946,296.2472106786959,116.2482818625033,123
958000,-170326.80856073357,29447.354962305864,-140879.4535984277,295.95542191027204,116.04664133388626,123
960000,-169961.1352861711,29478.11146272393,-140483.02382344718,296.2645346665574,115.93436309772481,123
962000,-169873.20191068412,29439.39082678687,-140433.81108389725,295.87537977777174,115.84382983550135,123
964000,-169938.66409519815,29762.305969504057,-140176.3581256941,299.1207811873861,116.10282289545465,123
966000,-169314.94367629162,29775.389065501513,-139539.5546107901,299.2522705249098,116.9436492888817,123
968000,-170409.2964520913,29467.422496919993,-140941.87395517132,296.157107110217,116.82146578990132,123
970000,-170298.49056022835,29399.269213389256,-140899.2213468391,295.4721446133228,116.58036544785408,123
972000,-169100.5226782502,29585.14946110011,-139515.3732171501,297.34030109822515,116.6930801911804,123
974000,-169985.9093118934,29203.688568096142,-140782.22074379725,293.50649600178195,117.29231719150144,123
976000,-170086.7284051301,29796.18519256526,-140290.54321256484,299.46127831413673,116.54556976749903,123
978000,-170196.07392491482,30173.947169501917,-140022.1267554129,303.25790811022733,115.95699403861839,123
980000,-170308.01698743936,28962.21974328789,-141345.79724415147,291.0796563750725,116.36426909825327,123
982000,-169576.41497113672,29255.14989357558,-140321.26507756114,294.02369893270145,117.22251301466217,123
984000,-169823.19796403823,29469.53792192554,-140353.6600421127,296.1783678143053,115.90889328611779,123
986000,-170344.25013015536,29294.355693177786,-141049.89443697757,294.417729872915,116.15752061167416,123
988000,-170222.66560681316,30127.106051778886,-140095.55955503427,302.7871397584954,116.32003147537831,123
990000,-170100.11428757757,29790.0258986908,-140310.08838888677,299.3993754227015,115.90790977650491,123
992000,-170276.82810659206,29882.977526646107,-140393.85057994595,300.3335692850696,115.60421236619663,123
994000,-170074.87894831772,29561.446878457442,-140513.43206986028,297.1020824923316,116.63521275645022,123
996000,-170057.9184553536,29615.522806969413,-140442.39564838418,297.645563027627,116.07444494732871,123
998000,-170373.4523233712,29670.13881091948,-140703.3135124517,298.1944714953922,115.49470956314525,123
1000000,-169856.3159687866,29475.363939786563,-140380.95202900004,296.236921174236,116.21817826933325,123
1002000,-170676.06462726323,29841.569336735876,-140834.49529052735,299.9174036114086,115.7173452202682,123
1004000,-169833.92461682623,29431.068387890235,-140402.856228936,295.7917365806789,117.11980058876011,123
1006000,-169557.00475948234,29852.226968913805,-139704.77779056854,300.02451625469416,116.77651235011656,123
1008000,-169657.182039203,29659.909320481587,-139997.27271872142,298.0916618147825,116.80985825212962,123
1010000,-170013.1354059386,29525.87918678706,-140487.25621915155,296.7446157110822,116.23031819772453,123
1012000,-169414.8917278949,29766.4594816576,-139648.4322462373,299.1625253251324,117.37166069695695,123
1014000,-170029.88810948457,29946.41642654105,-140083.47168294352,300.9711507047918,116.32551351836433,123
1016000,-170274.6870530201,29456.612082511943,-140818.07497050817,296.0484589562061,117.06985156547206,123
1018000,-170539.91154511226,29646.621275756042,-140893.29026935622,297.95811267639147,115.75106726709537,123
1020000,-170127.27626251255,30262.13327332388,-139865.14298918867,304.14420691691674,115.98058780769294,123
1022000,-169572.1726338619,29753.159163557342,-139819.01347030455,299.02885283536415,116.39208468865333,123
1024000,-169816.13214761007,29816.618527983548,-139999.51361962652,299.66663993023076,116.07804074591635,123
1026000,-169960.0043071868,30011.372892450076,-139948.63141473674,301.6239841527709,116.32792002379702,123
1028000,-169645.77671386278,29556.399960355717,-140089.37675350707,297.051359336447,116.18775076036847,123
1030000,-169789.57251344481,29681.57919082744,-140107.99332261737,298.3094510060073,116.42893080055485,123
1032000,-169519.58361186355,29781.817145142442,-139737.7664667211,299.31687480005235,116.80865592369325,123
1034000,-169951.07138536265,29453.60436262167,-140497.46702274098,296.01823040052585,116.46787528769984,123
1036000,-169631.8552022836,29632.10268619517,-139999.75251608843,297.8121961652301,116.82331415602319,123
1038000,-170495.63683146844,30185.866271531908,-140309.77055993653,303.3776989326829,116.42032411522788,123
1040000,-169826.94409714092,29356.24368942209,-140470.70040771883,295.0397242103728,116.73766148065553,123
1042000,-169305.54239327868,29247.18358880072,-140058.35880447796,293.9436349984795,116.69461999678634,123
1044000,-169674.8613802247,29464.448393463623,-140210.41298676108,296.12721641054765,116.87171348933431,123
1046000,-169911.99464046734,29624.48968417081,-140287.50495629653,297.7356830376841,115.9410047615152,123
1048000,-170420.75809134846,29360.459222142585,-141060.29886920587,295.08209167483494,115.51224002735553,123
1050000,-170340.08856711234,30183.195098274038,-140156.8934688383,303.35085277928346,115.95600932942776,123
1052000,-170129.33355261118,29495.390997829847,-140633.94255478133,296.4381995715796,116.49768816049931,123
1054000,-170045.886458155,29278.502595211925,-140767.38386294307,294.25840112155254,116.60959321602009,123
1056000,-170237.18200718157,29338.741065976676,-140898.4409412049,294.8638171955338,116.14509824405441,123
1058000,-169785.67673745682,29642.953983528598,-140142.72275392822,297.92125520583664,116.70459744978704,123
1060000,-168967.74539524317,29295.879910463933,-139671.86548477923,294.4330487486029,116.66933836429298,123
1062000,-169677.40932283702,29602.2365967448,-140075.17272609222,297.51203232656246,117.28547786787446,123
1064000,-169815.8781263479,29935.067127211485,-139880.81099913642,300.8570865833871,116.43865650957635,123
1066000,-170107.95403545583,30388.210685339523,-139719.7433501163,305.4113256008939,116.68917130184768,123
1068000,-169014.55807031714,30235.375941619975,-138779.18212869717,303.8752870969954,116.94481529634652,123
1070000,-170159.93520045234,30081.34006765019,-140078.59513280215,302.3271768464008,116.52102196261488,123
1072000,-169639.60590138077,30265.85740532464,-139373.74849605613,304.18163564553925,116.85238777797177,123
1074000,-169930.0297007911,29209.974934485508,-140720.0547663056,293.5696760130064,116.4205006270071,123
1076000,-170020.3335968858,29477.14961285767,-140543.18398402812,296.2548677649512,115.90823985242483,123
1078000,-169888.88338410622,29456.749203395448,-140432.13418071077,296.04983706534296,115.92759613308554,123
1080000,-170942.47427923616,29203.109052065993,-141739.36522717017,293.5006716786322,115.70888306967751,123
1082000,-169682.65441445378,29567.1528554408,-140115.50155901298,297.1594294026969,116.91732395672786,123
1084000,-169887.80628109048,29919.936820083996,-139967.86946100648,300.705022113241,115.94672851323399,123
1086000,-170274.95391982724,29510.681791935116,-140764.27212789212,296.59187698765186,115.6950567730743,123
1088000,-170290.25346576818,29935.61715832958,-140354.6363074386,300.86261457365407,116.39256944082706,123
1090000,-169715.12407272332,29979.800392882666,-139735.32367984066,301.30667034165964,116.88053016524724,123
1092000,-170471.79941952985,29503.293382855365,-140968.5060366745,296.51762109168965,116.5685980957206,123
1094000,-170117.944662616,29551.356476430898,-140566.5881861851,297.00067069514864,116.13075856900056,123
1096000,-169488.07349806943,29782.354687570012,-139705.7188104994,299.32227727494865,116.26693367915132,123
1098000,-169624.86512262386,29645.96674856753,-139978.89837405633,297.95153446688926,116.25387231605333,123
1100000,-169913.7699813221,29792.581846352783,-140121.18813496933,299.4250635216717,116.11910744720402,123
1102000,-170224.88878693548,29549.822615442798,-140675.06617149268,296.98525489714353,116.66967783653055,123
1104000,-170614.41937544208,29535.056507010013,-141079.36286843207,296.8368507414293,116.18945552456113,123
1106000,-170493.8102806044,29511.112257591216,-140982.6980230132,296.59620330643435,114.88890921697833,123
1108000,-170269.7051102341,29598.89621408604,-140670.80889614805,297.47846040268746,115.56364875446117,123
1110000,-169623.93214400928,30039.389893199084,-139584.5422508102,301.905564053171,117.26835709900445,123
1112000,-169242.35344420315,29679.03879763279,-139563.31464657036,298.2839192344541,117.28170261169875,123
1114000,-170225.62266427965,29289.547472560545,-140936.0751917191,294.3694057037923,116.29015601381566,123
1116000,-169786.40661028656,30130.634053282673,-139655.7725570039,302.82259731231954,115.80287615153338,123
1118000,-169499.51835271728,29426.743329849443,-140072.77502286783,295.748268351397,116.64544454237786,123
1120000,-169548.0995998507,29385.721274216892,-140162.37832563382,295.33598345185675,116.83193696587689,123
1122000,-170147.08292346762,29468.824696718017,-140678.2582267496,296.1711996707664,116.03437891269681,123
1124000,-169744.73879369756,29597.503412879538,-140147.23538081802,297.4644623010164,116.56063237076502,123
1126000,-169371.62092408922,29733.782920052065,-139637.83800403716,298.83411533418683,116.66553393650196,123
1128000,-169358.21583976026,30273.849833176704,-139084.36600658356,304.2619621251186,116.97117102724032,123
1130000,-169544.70535191998,29261.689679161762,-140283.01567275822,294.08942588864835,116.71360959760845,123
1132000,-170163.30612270848,29765.35302741197,-140397.9530952965,299.1514051028405,116.8992077791306,123
1134000,-170474.66590197524,29463.388079269323,-141011.27782270592,296.11655991066397,116.57076821376432,123
1136000,-170342.53502002312,29381.51935615082,-140961.0156638723,295.29375281906584,115.9333972773785,123
1138000,-169811.52078858146,29504.443466974655,-140307.0773216068,296.529179808294,116.06991343675405,123
1140000,-169653.60102038004,29727.441781821544,-139926.1592385585,298.77038484828046,115.85618552407664,123
1142000,-170276.71318324632,29298.49875572184,-140978.21442752448,294.45936898871315,116.12790236324862,123
1144000,-169950.1024787709,29465.80131949461,-140484.30115927628,296.14081375383455,116.80952552865247,123
1146000,-170135.4454754186,29237.46549594635,-140897.97997947223,293.8459650286449,117.33577524367523,123
1148000,-170502.78135006467,29442.22749524738,-141060.5538548173,295.90388921137367,116.26571899284892,123
1150000,-170149.51371361758,29684.622842048935,-140464.89087156864,298.3400406831636,116.72379309741859,123
1152000,-170092.87532243284,29785.92356872745,-140306.9517537054,299.3581456824864,116.05050512299155,123
1154000,-170852.04067446582,29631.772593457834,-141220.268081008,297.8088786266779,115.95639527770464,123
1156000,-170621.35675715515,30092.053791912185,-140529.30296524297,302.4348532332358,116.37907026165587,123
1158000,-170389.38668030954,29515.084692730103,-140874.30198757944,296.63612756173825,115.49013088599689,123
1160000,-170140.09455454105,29821.193260873202,-140318.90129366785,299.7126174723298,116.24141779296497,123
1162000,-170782.9815637517,29253.958346833708,-141529.023216918,294.0117235033575,115.6366760714103,123
1164000,-170739.19846740342,29583.047602887265,-141156.15086451615,297.3191767447824,116.48806922339227,123
1166000,-169854.35661219305,29491.610660925042,-140362.745951268,296.4002059655306,116.09408289883629,123
1168000,-169867.63289323729,29442.860470976448,-140424.77242226084,295.9102508217524,116.45302287793359,123
1170000,-169590.28914127836,29786.50353318872,-139803.78560808965,299.36397451251366,116.45279835598515,123
1172000,-169610.1614901193,29686.843219527043,-139923.31827059225,298.362356193476,116.71961953247343,123
1174000,-170248.0518879065,29464.05168497766,-140784.00020292884,296.1232293622206,117.28792555336622,123
1176000,-170449.59515483968,30094.722686733003,-140354.87246810668,302.4616764876075,115.78039345737274,123
1178000,-169851.26659855887,28911.332940281834,-140939.93365827703,290.56822758044564,116.72507381508494,123
1180000,-170002.10411813133,29501.72602667252,-140500.3780914588,296.50186865616627,117.30710931937769,123
1182000,-170051.19197589578,29390.915911115007,-140660.27606478077,295.38819122932335,116.8196894600177,123
1184000,-170168.24643562234,29689.38362099789,-140478.86281462444,298.3878880482075,117.27617210984891,123
1186000,-169441.8810978427,29541.92927273852,-139899.9518251042,296.9059242552805,116.82303368911919,123
1188000,-169536.36516513,29443.93645764701,-140092.428707483,295.92106483508115,115.84506871405762,123
1190000,-169510.7128646383,29492.94156000344,-140017.77130463487,296.4135819308345,116.36134765531042,123
1192000,-169699.9391776838,29911.52821766294,-139788.41096002085,300.6205129449172,116.305929432769,123
1194000,-169325.8995242673,29716.308122718357,-139609.59140154894,298.65848798075166,116.86218774745906,123
1196000,-169730.13357505715,29647.080789272673,-140083.05278578447,297.96273093554794,116.37194664630327,123
1198000,-169851.10086741077,29118.84781420417,-140732.2530532066,292.6538190416467,116.01175235071453,123
1200000,-169940.32838207122,29546.173569700873,-140394.15481237034,296.9485808096574,117.26845908573424,123
1202000,-169707.0413129041,29728.515099611133,-139978.52621329296,298.7811720384939,116.59237673731047,123
1204000,-169614.41751306818,29837.242481810506,-139777.17503125768,299.87391732285664,116.83912389594339,123
1206000,-169178.69490974012,29388.900355106452,-139789.79455463367,295.3679342408889,116.97407101118586,123
1208000,-169898.51099099813,29565.711912790313,-140332.7990782078,297.1449474639755,117.18781631269117,123
1210000,-170220.32521608856,29672.84616269177,-140547.4790533968,298.22168125453874,117.07295872889169,123
1212000,-169998.77371913067,29634.916656312183,-140363.85706281848,297.84047747315367,116.13026727928477,123
1214000,-169375.61218745552,29734.51045426511,-139641.10173319041,298.84142728784957,117.40026053871694,123
1216000,-170165.75359681516,30033.023383237363,-140132.7302135778,301.841578573177,116.79581639213008,123
1218000,-169770.96697513154,29713.699610783136,-140057.2673643484,298.6322715938696,116.43127996247371,123
1220000,-169746.96080932545,29606.690796733135,-140140.27001259231,297.5567984740996,116.67310306392982,123
1222000,-169801.02186347416,29645.29497037339,-140155.72689310077,297.94478287921254,116.18938883764724,123
1224000,-170071.66031778406,30105.941482653958,-139965.7188351301,302.57442900763397,116.21444863510327,123
1226000,-169660.01034329878,30276.92862264556,-139383.08172065322,304.2929049530022,116.94899344093227,123
1228000,-169787.94798975275,29788.260853244457,-139999.6871365083,299.3816361462731,116.52796027468479,123
1230000,-169826.53552008246,29695.615426858654,-140130.9200932238,298.45051970850926,116.27829103724603,123
1232000,-170048.82405479974,30010.81644239137,-140038.00761240837,301.618391650079,115.89228553446544,123
1234000,-170307.48142295005,29694.947392320493,-140612.53403062955,298.44380574578344,116.06592267666244,123
1236000,-170142.82881781086,29838.315526264603,-140304.51329154626,299.8847017659602,115.68414358972063,123
1238000,-170057.34626869974,30142.10100930219,-139915.24525939755,302.9378439214335,116.5910510051356,123
1240000,-170148.62791690894,30261.54845543322,-139887.07946147572,304.13832930835764,116.12326909029045,123
1242000,-170169.4766914167,29307.67574463412,-140861.80094678258,294.5516006892811,115.9215170552998,123
1244000,-169856.76639048883,29226.162117839616,-140630.60427264922,293.73236243035143,115.52127091052058,123
1246000,-170336.94109253003,30032.525513006723,-140304.4155795233,301.8365748166646,116.80598852942173,123
1248000,-170281.85264734854,29668.92759508558,-140612.92505226296,298.1822983853249,116.44660945420873,123
1250000,-170916.53038829088,29864.925714012003,-141051.60467427887,300.1521427416258,116.22456843622882,123
1252000,-170433.27088186715,29573.223386720056,-140860.0474951471,297.22044020140095,116.2202162586058,123
1254000,-169594.6621124145,29858.82185532176,-139735.84025709273,300.0907969916845,114.7430375523636,123
1256000,-170023.42750584031,29545.351749497815,-140478.0757563425,296.9403212513629,116.37367564167745,123
1258000,-170481.4504673567,29775.870493522787,-140705.57997383393,299.25710903191117,116.64026533841218,123
