#"Step","Potential Energy (kJ/mole)","Kinetic Energy (kJ/mole)","Total Energy (kJ/mole)","Temperature (K)","Box Volume (nm^3)","Speed (ns/day)"
2000,-176628.62518203212,26531.93013525894,-150096.69504677318,266.6544614049625,117.35270158064645,0
4000,-171203.4291715559,28153.237479049363,-143050.19169250655,282.9491235093155,117.35270158064645,157
6000,-169967.48563386686,29340.28385101678,-140627.20178285008,294.87932268314194,117.35270158064645,156
8000,-170080.43648813502,29864.93922680826,-140215.49726132676,300.15227854958965,117.35270158064645,156
10000,-170071.010300735,29649.080089902884,-140421.93021083213,297.98282455218333,117.35270158064645,153
12000,-169785.15771337016,29490.187523050932,-140294.97019031923,296.38590297055845,117.35270158064645,153
14000,-170419.9311131467,29743.93498392508,-140675.99612922163,298.9361468528289,117.35270158064645,154
16000,-170209.54346552864,29631.8259809016,-140577.71748462704,297.8094151877193,117.35270158064645,154
18000,-168946.72737804148,29574.661350456066,-139372.06602758542,297.2348922010704,117.35270158064645,154
20000,-169339.02381919604,29456.33316205349,-139882.69065714255,296.04565571557316,117.35270158064645,153
22000,-169441.29550550412,29872.642607854214,-139568.6528976499,300.2297000154738,117.35270158064645,153
24000,-169994.18790245452,29083.0759455387,-140911.11195691582,292.2943002156958,117.35270158064645,153
26000,-170289.2444768031,29778.744871525792,-140510.49960527732,299.28599745858645,117.35270158064645,153
28000,-169303.7985667768,30148.260851179337,-139155.53771559746,302.9997523204726,117.35270158064645,153
30000,-169780.01085702912,29387.693210966885,-140392.31764606223,295.3558020526639,117.35270158064645,152
32000,-169981.29111471726,29931.741364530753,-140049.5497501865,300.8236615950101,117.35270158064645,152
34000,-169283.4379645991,29518.69018284441,-139764.7477817547,296.6723639011086,117.35270158064645,152
36000,-169068.1583927062,29612.13325792877,-139456.02513477742,297.61149696574495,117.35270158064645,152
38000,-169973.52820071066,29264.3013400567,-140709.22686065396,294.11567392359194,117.35270158064645,152
40000,-169453.72521001403,30045.191678466974,-139408.53353154706,301.96387386771937,117.35270158064645,152
42000,-169070.44149094215,29657.405710279476,-139413.03578066267,298.06649972417665,117.35270158064645,152
44000,-169991.60840913584,29635.58210388245,-140356.02630525338,297.8471654360172,117.35270158064645,152
46000,-170002.94649610948,29829.446868008934,-140173.49962810054,299.7955688880092,117.35270158064645,152
48000,-169387.20553736074,29545.432344795918,-139841.77319256484,296.94113126012206,117.35270158064645,152
50000,-169671.5104650415,30112.776601993653,-139558.73386304785,302.64312416312674,117.35270158064645,151
52000,-169824.45377046906,29743.988539458194,-140080.46523101086,298.93668510322254,117.35270158064645,151
54000,-169616.48832920555,29408.77968612872,-140207.70864307682,295.56772793399045,117.35270158064645,151
56000,-169982.11319805146,29487.708961806376,-140494.4042362451,296.3609926300609,117.35270158064645,151
58000,-169645.4142394876,29744.907621649094,-139900.50661783852,298.9459221758875,117.35270158064645,151
60000,-169348.67106966767,29797.36521169781,-139551.30585796986,299.47313788728627,117.35270158064645,151
62000,-170224.50974419666,30104.717809591442,-140119.79193460522,302.56213069839833,117.35270158064645,151
64000,-169571.09095389047,29591.723157197237,-139979.36779669323,297.4063688657522,117.35270158064645,151
66000,-169711.21297018207,29933.703727946617,-139777.50924223545,300.8433839807193,117.35270158064645,151
68000,-169891.45323912008,29745.5845207877,-140145.86871833238,298.952725230709,117.35270158064645,151
70000,-169781.8018104427,29785.189125509816,-139996.6126849329,299.35076429109756,117.35270158064645,151
72000,-169686.02848389186,29535.474426251487,-140150.55405764037,296.8410509646953,117.35270158064645,151
74000,-169985.71841633902,29593.73791381647,-140391.98050252255,297.42661782006587,117.35270158064645,151
76000,-169432.5640160062,29533.208817401784,-139899.3551986044,296.81828086449934,117.35270158064645,151
78000,-169668.01194401574,29347.228097151266,-140320.78384686448,294.94911459814455,117.35270158064645,151
80000,-169920.61796493328,29625.28660826251,-140295.33135667077,297.74369238202394,117.35270158064645,150
82000,-170287.46268634778,29715.30513764522,-140572.15754870255,298.64840765703946,117.35270158064645,150
84000,-169817.37811016222,29669.771241755923,-140147.6068684063,298.1907773066604,117.35270158064645,150
86000,-169810.04566196958,29732.24026796734,-140077.80539400224,298.81861118282313,117.35270158064645,150
88000,-169791.06031590083,29633.464314603945,-140157.5960012969,297.8258809702226,117.35270158064645,150
90000,-169143.59795176494,30019.38955612763,-139124.2083956373,301.7045542102188,117.35270158064645,150
92000,-169071.7160216018,29984.086789196997,-139087.6292324048,301.34975000811204,117.35270158064645,150
94000,-169829.9926881108,29855.417143972823,-139974.57554413797,300.05657854371026,117.35270158064645,150
96000,-170239.77112830663,29508.82228314277,-140730.94884516386,296.5731883241067,117.35270158064645,150
98000,-169641.94721050444,29379.43976594464,-140262.5074445598,295.27285226627737,117.35270158064645,150
100000,-169615.97893499047,29478.26729143504,-140137.71164355543,296.2661007953999,117.35270158064645,150
102000,-169557.25489359978,29851.30455174562,-139705.95034185416,300.0152456644311,117.35270158064645,150
104000,-169477.41055179166,29927.66552374186,-139549.7450280498,300.782698079548,117.35270158064645,150
106000,-169180.38089066534,29611.58958996374,-139568.79130070162,297.6060329272201,117.35270158064645,150
108000,-169019.68165495794,29422.93583193235,-139596.7458230256,295.7100017684078,117.35270158064645,150
110000,-169056.84717774624,29565.183451657445,-139491.6637260888,297.13963625902204,117.35270158064645,150
112000,-168709.17143818224,29186.64346749193,-139522.5279706903,293.3351872391689,117.35270158064645,150
114000,-169919.69124476402,29728.183567099673,-140191.50767766434,298.77784002974704,117.35270158064645,150
116000,-169467.32240319205,29714.747088705655,-139752.5753144864,298.6427990850788,117.35270158064645,150
118000,-169206.57484554546,29366.031067761738,-139840.54377778372,295.13809052169734,117.35270158064645,150
120000,-169802.17565140082,29888.438828746323,-139913.7368226545,300.38845713388713,117.35270158064645,149
122000,-169918.0328117744,29268.756351897275,-140649.27645987715,294.1604482305061,117.35270158064645,149
124000,-169356.2785873562,30024.265045333188,-139332.01354202302,301.753554450366,117.35270158064645,149
126000,-169753.43696185667,30222.864522840362,-139530.5724390163,303.74954330002777,117.35270158064645,149
128000,-169274.28820747754,29836.257776355254,-139438.0304311223,299.8640207152041,117.35270158064645,149
130000,-169456.41369915847,29511.163847024553,-139945.24985213391,296.59672179689056,117.35270158064645,149
132000,-169315.8586049229,30163.10542204976,-139152.75318287313,303.1489450490099,117.35270158064645,149
134000,-169184.61796480766,29653.5832260123,-139531.03473879537,298.0280825235321,117.35270158064645,149
136000,-169579.99225389236,29319.378136669984,-140260.61411722237,294.66921350634965,117.35270158064645,149
138000,-169570.66156953003,29624.887783239945,-139945.77378629008,297.73968406182087,117.35270158064645,149
140000,-169489.99768662802,29657.63366296992,-139832.3640236581,298.0687907222905,117.35270158064645,149
142000,-169378.57644237857,29952.51525980793,-139426.06118257064,301.03244594760633,117.35270158064645,149
144000,-169776.67414264986,29551.453563018236,-140225.22057963163,297.0016464466874,117.35270158064645,149
146000,-169481.02869918535,29322.721572295646,-140158.3071268897,294.7028161135273,117.35270158064645,149
148000,-169555.62640868127,29508.185766223818,-140047.44064245746,296.5667911236266,117.35270158064645,149
150000,-169900.8982682263,29423.782877043705,-140477.1153911826,295.71851484517236,117.35270158064645,149
152000,-169480.95992319612,29320.50851219427,-140160.45141100185,294.6805741452129,117.35270158064645,149
154000,-169723.93499202176,29487.22254826047,-140236.7124437613,296.3561040169279,117.35270158064645,149
156000,-169751.59107092954,29886.820785285672,-139864.77028564387,300.37219527486184,117.35270158064645,149
158000,-169418.42428143194,29350.482023577904,-140067.94225785404,294.9818176089818,117.35270158064645,149
160000,-169623.5553971175,29669.444584190845,-139954.11081292666,298.18749429269815,117.35270158064645,149
162000,-169588.9856908213,30109.833047382534,-139479.15264343878,302.6135404892122,117.35270158064645,149
164000,-169074.78661600873,29569.096327256644,-139505.69028875208,297.17896192172844,117.35270158064645,149
166000,-169399.9744451522,29809.206318687415,-139590.7681264648,299.59214483441207,117.35270158064645,149
168000,-169665.96426955878,29806.42077187309,-139859.5434976857,299.5641491898545,117.35270158064645,149
170000,-169297.76339437207,29671.41143805068,-139626.3519563214,298.20726180881866,117.35270158064645,148
172000,-169266.35461953806,29698.600341564743,-139567.75427797332,298.4805190647278,117.35270158064645,148
174000,-169771.2068958045,29888.851938881096,-139882.3549569234,300.39260902407864,117.35270158064645,148
176000,-169515.92824502278,29680.622164086206,-139835.30608093657,298.2998325783643,117.35270158064645,148
178000,-169712.77558311704,29676.113962935982,-140036.66162018105,298.2545237017206,117.35270158064645,148
180000,-169666.54779455345,29544.401627923828,-140122.14616662962,296.9307722228795,117.35270158064645,148
182000,-169456.7913384298,29435.18231784331,-140021.60902058647,295.8330829045348,117.35270158064645,148
184000,-169683.18256061547,29661.926819431596,-140021.25574118388,298.1119383304057,117.35270158064645,148
186000,-169598.37085988675,30033.462753660046,-139564.9081062267,301.8459943877378,117.35270158064645,148
188000,-169751.0118741889,29117.9925616018,-140633.0193125871,292.64522347694833,117.35270158064645,148
190000,-169406.00112641358,29803.4388076046,-139602.56231880898,299.5341794864862,117.35270158064645,148
192000,-169988.33538962575,29224.13591739512,-140764.19947223063,293.7119984619001,117.35270158064645,148
194000,-170042.36698344478,29839.591601375025,-140202.77538206975,299.89752673269066,117.35270158064645,148
196000,-169508.10296533396,29811.962020812556,-139696.1409445214,299.61984053021047,117.35270158064645,148
198000,-169793.83413021825,29639.75543762406,-140154.0786925942,297.8891087871213,117.35270158064645,148
200000,-170309.9015012479,29336.64373456803,-140973.25776667986,294.84273833793435,117.35270158064645,148
202000,-169844.77556701936,30128.865029182052,-139715.9105378373,302.8048180491314,117.35270158064645,148
204000,-168758.329750709,29648.140832553152,-139110.18891815585,297.9733847126603,117.35270158064645,148
206000,-169326.29955835897,29618.00472851633,-139708.29482984263,297.67050714024793,117.35270158064645,148
208000,-169470.7172896457,29793.52165822893,-139677.19563141675,299.4345089343642,117.35270158064645,148
210000,-169705.974242609,29605.675269201398,-140100.2989734076,297.54659209463017,117.35270158064645,148
212000,-170152.74514967576,29350.57137070154,-140802.17377897422,294.9827155764123,117.35270158064645,147
214000,-169996.1872590551,29497.373551046127,-140498.81370800897,296.4581248712996,117.35270158064645,147
216000,-169642.6147388441,29606.276173182065,-140036.33856566204,297.5526313735858,117.35270158064645,147
218000,-170129.94273082714,29690.71665550943,-140439.2260753177,298.4012854753037,117.35270158064645,147
220000,-169239.36849311646,29474.94979621796,-139764.4186968985,296.23275889770105,117.35270158064645,147
222000,-169846.95134066162,29672.096401056275,-140174.85493960534,298.21414590810616,117.35270158064645,147
224000,-169675.74134173547,29706.129837407894,-139969.61150432756,298.55619292819983,117.35270158064645,147
226000,-169807.98999131017,29771.36700393434,-140036.62298737583,299.21184750798403,117.35270158064645,147
228000,-169715.52624645596,29450.438782986952,-140265.087463469,295.9864153034625,117.35270158064645,147
230000,-169768.59911032347,29644.989261765964,-140123.6098485575,297.9417104090362,117.35270158064645,147
232000,-170039.75481022056,29821.457845085533,-140218.29696513503,299.7152766290619,117.35270158064645,147
234000,-170285.60488848342,29801.169074940728,-140484.4358135427,299.51136794062677,117.35270158064645,147
236000,-170148.39099472272,29434.833250449155,-140713.55774427357,295.82957466455724,117.35270158064645,147
238000,-170501.3636800456,29595.69083014643,-140905.67284989916,297.4462452595126,117.35270158064645,147
240000,-169845.07388156443,29775.70509337366,-140069.36878819077,299.25544670702726,117.35270158064645,147
242000,-169375.92278638587,29610.61023008218,-139765.3125563037,297.59619004430857,117.35270158064645,147
244000,-169666.01573897805,30045.550308115082,-139620.46543086297,301.9674782114355,117.35270158064645,147
246000,-169151.520610034,29936.853786965046,-139214.66682306895,300.8750430905795,117.35270158064645,147
248000,-169538.90952102444,29540.17496159568,-139998.73455942876,296.8882928620669,117.35270158064645,147
250000,-169430.0049233206,29983.250327171292,-139446.75459614932,301.3413432947741,117.35270158064645,147
252000,-169919.0997856981,30007.995686031878,-139911.10409966623,301.5900421382281,117.35270158064645,147
254000,-170288.09605621803,29445.02777856498,-140843.06827765304,295.9320329625456,117.35270158064645,147
256000,-170470.3162986955,29915.27762502234,-140555.03867367317,300.658195699052,117.35270158064645,147
258000,-169674.689520414,29505.592314985668,-140169.09720542832,296.54072610161114,117.35270158064645,147
260000,-169879.97303725046,29404.74268369598,-140475.23035355448,295.5271547565433,117.35270158064645,147
